-------------------------------------------------------------------------------
Test set: com.everis.bootcamp.productservice.ProductserviceApplicationTests
-------------------------------------------------------------------------------
Tests run: 1, Failures: 0, Errors: 1, Skipped: 0, Time elapsed: 0.182 s <<< FAILURE! - in com.everis.bootcamp.productservice.ProductserviceApplicationTests
com.everis.bootcamp.productservice.ProductserviceApplicationTests  Time elapsed: 0.181 s  <<< ERROR!
java.lang.IllegalStateException: Unable to find a @SpringBootConfiguration, you need to use @ContextConfiguration or @SpringBootTest(classes=...) with your test

