<?xml version="1.0" encoding="UTF-8"?>
<testsuite xmlns:xsi="http://www.w3.org/2001/XMLSchema-instance" xsi:noNamespaceSchemaLocation="https://maven.apache.org/surefire/maven-surefire-plugin/xsd/surefire-test-report.xsd" name="com.everis.bootcamp.productservice.ProductserviceApplicationTests" time="0.182" tests="1" errors="1" skipped="0" failures="0">
  <properties>
[...]
</properties>
  <testcase name="com.everis.bootcamp.productservice.ProductserviceApplicationTests" classname="com.everis.bootcamp.productservice.ProductserviceApplicationTests" time="0.181">
    <error message="Unable to find a @SpringBootConfiguration, you need to use @ContextConfiguration or @SpringBootTest(classes=...) with your test" type="java.lang.IllegalStateException">java.lang.IllegalStateException: Unable to find a @SpringBootConfiguration, you need to use @ContextConfiguration or @SpringBootTest(classes=...) with your test
</error>
    <system-out><![CDATA[14:15:04.201 [main] DEBUG org.springframework.test.context.BootstrapUtils - Instantiating CacheAwareContextLoaderDelegate from class [org.springframework.test.context.cache.DefaultCacheAwareContextLoaderDelegate]
14:15:04.209 [main] DEBUG org.springframework.test.context.BootstrapUtils - Instantiating BootstrapContext using constructor [public org.springframework.test.context.support.DefaultBootstrapContext(java.lang.Class,org.springframework.test.context.CacheAwareContextLoaderDelegate)]
14:15:04.235 [main] DEBUG org.springframework.test.context.BootstrapUtils - Instantiating TestContextBootstrapper for test class [com.everis.bootcamp.productservice.ProductserviceApplicationTests] from class [org.springframework.boot.test.context.SpringBootTestContextBootstrapper]
14:15:04.242 [main] INFO org.springframework.boot.test.context.SpringBootTestContextBootstrapper - Neither @ContextConfiguration nor @ContextHierarchy found for test class [com.everis.bootcamp.productservice.ProductserviceApplicationTests], using SpringBootContextLoader
14:15:04.244 [main] DEBUG org.springframework.test.context.support.AbstractContextLoader - Did not detect default resource location for test class [com.everis.bootcamp.productservice.ProductserviceApplicationTests]: class path resource [com/everis/bootcamp/productservice/ProductserviceApplicationTests-context.xml] does not exist
14:15:04.245 [main] DEBUG org.springframework.test.context.support.AbstractContextLoader - Did not detect default resource location for test class [com.everis.bootcamp.productservice.ProductserviceApplicationTests]: class path resource [com/everis/bootcamp/productservice/ProductserviceApplicationTestsContext.groovy] does not exist
14:15:04.245 [main] INFO org.springframework.test.context.support.AbstractContextLoader - Could not detect default resource locations for test class [com.everis.bootcamp.productservice.ProductserviceApplicationTests]: no resource found for suffixes {-context.xml, Context.groovy}.
14:15:04.246 [main] INFO org.springframework.test.context.support.AnnotationConfigContextLoaderUtils - Could not detect default configuration classes for test class [com.everis.bootcamp.productservice.ProductserviceApplicationTests]: ProductserviceApplicationTests does not declare any static, non-private, non-final, nested classes annotated with @Configuration.
14:15:04.281 [main] DEBUG org.springframework.test.context.support.ActiveProfilesUtils - Could not find an 'annotation declaring class' for annotation type [org.springframework.test.context.ActiveProfiles] and class [com.everis.bootcamp.productservice.ProductserviceApplicationTests]
]]></system-out>
  </testcase>
</testsuite>